This is pdfTeX, Version 3.14159265-2.6-1.40.17 (TeX Live 2016) (preloaded format=pdflatex 2016.5.22)  4 AUG 2019 11:39
entering extended mode
 restricted \write18 enabled.
 %&-line parsing enabled.
**MQR_Draft_June2019.tex
(./MQR_Draft_June2019.tex
LaTeX2e <2016/03/31>
Babel <3.9r> and hyphenation patterns for 83 language(s) loaded.
(/usr/local/texlive/2016/texmf-dist/tex/latex/base/article.cls
Document Class: article 2014/09/29 v1.4h Standard LaTeX document class
(/usr/local/texlive/2016/texmf-dist/tex/latex/base/size12.clo
File: size12.clo 2014/09/29 v1.4h Standard LaTeX file (size option)
)
\c@part=\count79
\c@section=\count80
\c@subsection=\count81
\c@subsubsection=\count82
\c@paragraph=\count83
\c@subparagraph=\count84
\c@figure=\count85
\c@table=\count86
\abovecaptionskip=\skip41
\belowcaptionskip=\skip42
\bibindent=\dimen102
)
(/usr/local/texlive/2016/texmf-dist/tex/latex/setspace/setspace.sty
Package: setspace 2011/12/19 v6.7a set line spacing
)
(/usr/local/texlive/2016/texmf-dist/tex/latex/amsmath/amsmath.sty
Package: amsmath 2016/03/10 v2.15b AMS math features
\@mathmargin=\skip43

For additional information on amsmath, use the `?' option.
(/usr/local/texlive/2016/texmf-dist/tex/latex/amsmath/amstext.sty
Package: amstext 2000/06/29 v2.01 AMS text

(/usr/local/texlive/2016/texmf-dist/tex/latex/amsmath/amsgen.sty
File: amsgen.sty 1999/11/30 v2.0 generic functions
\@emptytoks=\toks14
\ex@=\dimen103
))
(/usr/local/texlive/2016/texmf-dist/tex/latex/amsmath/amsbsy.sty
Package: amsbsy 1999/11/29 v1.2d Bold Symbols
\pmbraise@=\dimen104
)
(/usr/local/texlive/2016/texmf-dist/tex/latex/amsmath/amsopn.sty
Package: amsopn 2016/03/08 v2.02 operator names
)
\inf@bad=\count87
LaTeX Info: Redefining \frac on input line 199.
\uproot@=\count88
\leftroot@=\count89
LaTeX Info: Redefining \overline on input line 297.
\classnum@=\count90
\DOTSCASE@=\count91
LaTeX Info: Redefining \ldots on input line 394.
LaTeX Info: Redefining \dots on input line 397.
LaTeX Info: Redefining \cdots on input line 518.
\Mathstrutbox@=\box26
\strutbox@=\box27
\big@size=\dimen105
LaTeX Font Info:    Redeclaring font encoding OML on input line 634.
LaTeX Font Info:    Redeclaring font encoding OMS on input line 635.
\macc@depth=\count92
\c@MaxMatrixCols=\count93
\dotsspace@=\muskip10
\c@parentequation=\count94
\dspbrk@lvl=\count95
\tag@help=\toks15
\row@=\count96
\column@=\count97
\maxfields@=\count98
\andhelp@=\toks16
\eqnshift@=\dimen106
\alignsep@=\dimen107
\tagshift@=\dimen108
\tagwidth@=\dimen109
\totwidth@=\dimen110
\lineht@=\dimen111
\@envbody=\toks17
\multlinegap=\skip44
\multlinetaggap=\skip45
\mathdisplay@stack=\toks18
LaTeX Info: Redefining \[ on input line 2739.
LaTeX Info: Redefining \] on input line 2740.
)
(/usr/local/texlive/2016/texmf-dist/tex/latex/tools/bm.sty
Package: bm 2016/02/27 v1.2a Bold Symbol Support (DPC/FMi)
\symboldoperators=\mathgroup4
\symboldletters=\mathgroup5
\symboldsymbols=\mathgroup6
LaTeX Font Info:    Redeclaring math alphabet \mathbf on input line 142.
LaTeX Info: Redefining \bm on input line 208.
)
(/usr/local/texlive/2016/texmf-dist/tex/latex/pgf/frontendlayer/tikz.sty
(/usr/local/texlive/2016/texmf-dist/tex/latex/pgf/basiclayer/pgf.sty
(/usr/local/texlive/2016/texmf-dist/tex/latex/pgf/utilities/pgfrcs.sty
(/usr/local/texlive/2016/texmf-dist/tex/generic/pgf/utilities/pgfutil-common.te
x
\pgfutil@everybye=\toks19
\pgfutil@tempdima=\dimen112
\pgfutil@tempdimb=\dimen113

(/usr/local/texlive/2016/texmf-dist/tex/generic/pgf/utilities/pgfutil-common-li
sts.tex))
(/usr/local/texlive/2016/texmf-dist/tex/generic/pgf/utilities/pgfutil-latex.def
\pgfutil@abb=\box28
(/usr/local/texlive/2016/texmf-dist/tex/latex/ms/everyshi.sty
Package: everyshi 2001/05/15 v3.00 EveryShipout Package (MS)
))
(/usr/local/texlive/2016/texmf-dist/tex/generic/pgf/utilities/pgfrcs.code.tex
Package: pgfrcs 2015/08/07 v3.0.1a (rcs-revision 1.31)
))
Package: pgf 2015/08/07 v3.0.1a (rcs-revision 1.15)
(/usr/local/texlive/2016/texmf-dist/tex/latex/pgf/basiclayer/pgfcore.sty
(/usr/local/texlive/2016/texmf-dist/tex/latex/graphics/graphicx.sty
Package: graphicx 2014/10/28 v1.0g Enhanced LaTeX Graphics (DPC,SPQR)

(/usr/local/texlive/2016/texmf-dist/tex/latex/graphics/keyval.sty
Package: keyval 2014/10/28 v1.15 key=value parser (DPC)
\KV@toks@=\toks20
)
(/usr/local/texlive/2016/texmf-dist/tex/latex/graphics/graphics.sty
Package: graphics 2016/05/09 v1.0r Standard LaTeX Graphics (DPC,SPQR)

(/usr/local/texlive/2016/texmf-dist/tex/latex/graphics/trig.sty
Package: trig 2016/01/03 v1.10 sin cos tan (DPC)
)
(/usr/local/texlive/2016/texmf-dist/tex/latex/graphics-cfg/graphics.cfg
File: graphics.cfg 2016/01/02 v1.10 sample graphics configuration
)
Package graphics Info: Driver file: pdftex.def on input line 96.

(/usr/local/texlive/2016/texmf-dist/tex/latex/pdftex-def/pdftex.def
File: pdftex.def 2011/05/27 v0.06d Graphics/color for pdfTeX

(/usr/local/texlive/2016/texmf-dist/tex/generic/oberdiek/infwarerr.sty
Package: infwarerr 2016/05/16 v1.4 Providing info/warning/error messages (HO)
)
(/usr/local/texlive/2016/texmf-dist/tex/generic/oberdiek/ltxcmds.sty
Package: ltxcmds 2016/05/16 v1.23 LaTeX kernel commands for general use (HO)
)
\Gread@gobject=\count99
))
\Gin@req@height=\dimen114
\Gin@req@width=\dimen115
)
(/usr/local/texlive/2016/texmf-dist/tex/latex/pgf/systemlayer/pgfsys.sty
(/usr/local/texlive/2016/texmf-dist/tex/generic/pgf/systemlayer/pgfsys.code.tex
Package: pgfsys 2014/07/09 v3.0.1a (rcs-revision 1.48)
(/usr/local/texlive/2016/texmf-dist/tex/generic/pgf/utilities/pgfkeys.code.tex
\pgfkeys@pathtoks=\toks21
\pgfkeys@temptoks=\toks22

(/usr/local/texlive/2016/texmf-dist/tex/generic/pgf/utilities/pgfkeysfiltered.c
ode.tex
\pgfkeys@tmptoks=\toks23
))
\pgf@x=\dimen116
\pgf@y=\dimen117
\pgf@xa=\dimen118
\pgf@ya=\dimen119
\pgf@xb=\dimen120
\pgf@yb=\dimen121
\pgf@xc=\dimen122
\pgf@yc=\dimen123
\w@pgf@writea=\write3
\r@pgf@reada=\read1
\c@pgf@counta=\count100
\c@pgf@countb=\count101
\c@pgf@countc=\count102
\c@pgf@countd=\count103
\t@pgf@toka=\toks24
\t@pgf@tokb=\toks25
\t@pgf@tokc=\toks26

(/usr/local/texlive/2016/texmf-dist/tex/generic/pgf/systemlayer/pgf.cfg
File: pgf.cfg 2008/05/14  (rcs-revision 1.7)
)
Driver file for pgf: pgfsys-pdftex.def

(/usr/local/texlive/2016/texmf-dist/tex/generic/pgf/systemlayer/pgfsys-pdftex.d
ef
File: pgfsys-pdftex.def 2014/10/11  (rcs-revision 1.35)

(/usr/local/texlive/2016/texmf-dist/tex/generic/pgf/systemlayer/pgfsys-common-p
df.def
File: pgfsys-common-pdf.def 2013/10/10  (rcs-revision 1.13)
)))
(/usr/local/texlive/2016/texmf-dist/tex/generic/pgf/systemlayer/pgfsyssoftpath.
code.tex
File: pgfsyssoftpath.code.tex 2013/09/09  (rcs-revision 1.9)
\pgfsyssoftpath@smallbuffer@items=\count104
\pgfsyssoftpath@bigbuffer@items=\count105
)
(/usr/local/texlive/2016/texmf-dist/tex/generic/pgf/systemlayer/pgfsysprotocol.
code.tex
File: pgfsysprotocol.code.tex 2006/10/16  (rcs-revision 1.4)
)) (/usr/local/texlive/2016/texmf-dist/tex/latex/xcolor/xcolor.sty
Package: xcolor 2016/05/11 v2.12 LaTeX color extensions (UK)

(/usr/local/texlive/2016/texmf-dist/tex/latex/graphics-cfg/color.cfg
File: color.cfg 2016/01/02 v1.6 sample color configuration
)
Package xcolor Info: Driver file: pdftex.def on input line 225.
Package xcolor Info: Model `cmy' substituted by `cmy0' on input line 1348.
Package xcolor Info: Model `hsb' substituted by `rgb' on input line 1352.
Package xcolor Info: Model `RGB' extended on input line 1364.
Package xcolor Info: Model `HTML' substituted by `rgb' on input line 1366.
Package xcolor Info: Model `Hsb' substituted by `hsb' on input line 1367.
Package xcolor Info: Model `tHsb' substituted by `hsb' on input line 1368.
Package xcolor Info: Model `HSB' substituted by `hsb' on input line 1369.
Package xcolor Info: Model `Gray' substituted by `gray' on input line 1370.
Package xcolor Info: Model `wave' substituted by `hsb' on input line 1371.
)
(/usr/local/texlive/2016/texmf-dist/tex/generic/pgf/basiclayer/pgfcore.code.tex
Package: pgfcore 2010/04/11 v3.0.1a (rcs-revision 1.7)
(/usr/local/texlive/2016/texmf-dist/tex/generic/pgf/math/pgfmath.code.tex
(/usr/local/texlive/2016/texmf-dist/tex/generic/pgf/math/pgfmathcalc.code.tex
(/usr/local/texlive/2016/texmf-dist/tex/generic/pgf/math/pgfmathutil.code.tex)
(/usr/local/texlive/2016/texmf-dist/tex/generic/pgf/math/pgfmathparser.code.tex
\pgfmath@dimen=\dimen124
\pgfmath@count=\count106
\pgfmath@box=\box29
\pgfmath@toks=\toks27
\pgfmath@stack@operand=\toks28
\pgfmath@stack@operation=\toks29
)
(/usr/local/texlive/2016/texmf-dist/tex/generic/pgf/math/pgfmathfunctions.code.
tex
(/usr/local/texlive/2016/texmf-dist/tex/generic/pgf/math/pgfmathfunctions.basic
.code.tex)
(/usr/local/texlive/2016/texmf-dist/tex/generic/pgf/math/pgfmathfunctions.trigo
nometric.code.tex)
(/usr/local/texlive/2016/texmf-dist/tex/generic/pgf/math/pgfmathfunctions.rando
m.code.tex)
(/usr/local/texlive/2016/texmf-dist/tex/generic/pgf/math/pgfmathfunctions.compa
rison.code.tex)
(/usr/local/texlive/2016/texmf-dist/tex/generic/pgf/math/pgfmathfunctions.base.
code.tex)
(/usr/local/texlive/2016/texmf-dist/tex/generic/pgf/math/pgfmathfunctions.round
.code.tex)
(/usr/local/texlive/2016/texmf-dist/tex/generic/pgf/math/pgfmathfunctions.misc.
code.tex)
(/usr/local/texlive/2016/texmf-dist/tex/generic/pgf/math/pgfmathfunctions.integ
erarithmetics.code.tex)))
(/usr/local/texlive/2016/texmf-dist/tex/generic/pgf/math/pgfmathfloat.code.tex
\c@pgfmathroundto@lastzeros=\count107
))
(/usr/local/texlive/2016/texmf-dist/tex/generic/pgf/basiclayer/pgfcorepoints.co
de.tex
File: pgfcorepoints.code.tex 2013/10/07  (rcs-revision 1.27)
\pgf@picminx=\dimen125
\pgf@picmaxx=\dimen126
\pgf@picminy=\dimen127
\pgf@picmaxy=\dimen128
\pgf@pathminx=\dimen129
\pgf@pathmaxx=\dimen130
\pgf@pathminy=\dimen131
\pgf@pathmaxy=\dimen132
\pgf@xx=\dimen133
\pgf@xy=\dimen134
\pgf@yx=\dimen135
\pgf@yy=\dimen136
\pgf@zx=\dimen137
\pgf@zy=\dimen138
)
(/usr/local/texlive/2016/texmf-dist/tex/generic/pgf/basiclayer/pgfcorepathconst
ruct.code.tex
File: pgfcorepathconstruct.code.tex 2013/10/07  (rcs-revision 1.29)
\pgf@path@lastx=\dimen139
\pgf@path@lasty=\dimen140
)
(/usr/local/texlive/2016/texmf-dist/tex/generic/pgf/basiclayer/pgfcorepathusage
.code.tex
File: pgfcorepathusage.code.tex 2014/11/02  (rcs-revision 1.24)
\pgf@shorten@end@additional=\dimen141
\pgf@shorten@start@additional=\dimen142
)
(/usr/local/texlive/2016/texmf-dist/tex/generic/pgf/basiclayer/pgfcorescopes.co
de.tex
File: pgfcorescopes.code.tex 2015/05/08  (rcs-revision 1.46)
\pgfpic=\box30
\pgf@hbox=\box31
\pgf@layerbox@main=\box32
\pgf@picture@serial@count=\count108
)
(/usr/local/texlive/2016/texmf-dist/tex/generic/pgf/basiclayer/pgfcoregraphicst
ate.code.tex
File: pgfcoregraphicstate.code.tex 2014/11/02  (rcs-revision 1.12)
\pgflinewidth=\dimen143
)
(/usr/local/texlive/2016/texmf-dist/tex/generic/pgf/basiclayer/pgfcoretransform
ations.code.tex
File: pgfcoretransformations.code.tex 2015/08/07  (rcs-revision 1.20)
\pgf@pt@x=\dimen144
\pgf@pt@y=\dimen145
\pgf@pt@temp=\dimen146
)
(/usr/local/texlive/2016/texmf-dist/tex/generic/pgf/basiclayer/pgfcorequick.cod
e.tex
File: pgfcorequick.code.tex 2008/10/09  (rcs-revision 1.3)
)
(/usr/local/texlive/2016/texmf-dist/tex/generic/pgf/basiclayer/pgfcoreobjects.c
ode.tex
File: pgfcoreobjects.code.tex 2006/10/11  (rcs-revision 1.2)
)
(/usr/local/texlive/2016/texmf-dist/tex/generic/pgf/basiclayer/pgfcorepathproce
ssing.code.tex
File: pgfcorepathprocessing.code.tex 2013/09/09  (rcs-revision 1.9)
)
(/usr/local/texlive/2016/texmf-dist/tex/generic/pgf/basiclayer/pgfcorearrows.co
de.tex
File: pgfcorearrows.code.tex 2015/05/14  (rcs-revision 1.43)
\pgfarrowsep=\dimen147
)
(/usr/local/texlive/2016/texmf-dist/tex/generic/pgf/basiclayer/pgfcoreshade.cod
e.tex
File: pgfcoreshade.code.tex 2013/07/15  (rcs-revision 1.15)
\pgf@max=\dimen148
\pgf@sys@shading@range@num=\count109
)
(/usr/local/texlive/2016/texmf-dist/tex/generic/pgf/basiclayer/pgfcoreimage.cod
e.tex
File: pgfcoreimage.code.tex 2013/07/15  (rcs-revision 1.18)

(/usr/local/texlive/2016/texmf-dist/tex/generic/pgf/basiclayer/pgfcoreexternal.
code.tex
File: pgfcoreexternal.code.tex 2014/07/09  (rcs-revision 1.21)
\pgfexternal@startupbox=\box33
))
(/usr/local/texlive/2016/texmf-dist/tex/generic/pgf/basiclayer/pgfcorelayers.co
de.tex
File: pgfcorelayers.code.tex 2013/07/18  (rcs-revision 1.7)
)
(/usr/local/texlive/2016/texmf-dist/tex/generic/pgf/basiclayer/pgfcoretranspare
ncy.code.tex
File: pgfcoretransparency.code.tex 2013/09/30  (rcs-revision 1.5)
)
(/usr/local/texlive/2016/texmf-dist/tex/generic/pgf/basiclayer/pgfcorepatterns.
code.tex
File: pgfcorepatterns.code.tex 2013/11/07  (rcs-revision 1.5)
)))
(/usr/local/texlive/2016/texmf-dist/tex/generic/pgf/modules/pgfmoduleshapes.cod
e.tex
File: pgfmoduleshapes.code.tex 2014/03/21  (rcs-revision 1.35)
\pgfnodeparttextbox=\box34
)
(/usr/local/texlive/2016/texmf-dist/tex/generic/pgf/modules/pgfmoduleplot.code.
tex
File: pgfmoduleplot.code.tex 2015/08/03  (rcs-revision 1.13)
)
(/usr/local/texlive/2016/texmf-dist/tex/latex/pgf/compatibility/pgfcomp-version
-0-65.sty
Package: pgfcomp-version-0-65 2007/07/03 v3.0.1a (rcs-revision 1.7)
\pgf@nodesepstart=\dimen149
\pgf@nodesepend=\dimen150
)
(/usr/local/texlive/2016/texmf-dist/tex/latex/pgf/compatibility/pgfcomp-version
-1-18.sty
Package: pgfcomp-version-1-18 2007/07/23 v3.0.1a (rcs-revision 1.1)
))
(/usr/local/texlive/2016/texmf-dist/tex/latex/pgf/utilities/pgffor.sty
(/usr/local/texlive/2016/texmf-dist/tex/latex/pgf/utilities/pgfkeys.sty
(/usr/local/texlive/2016/texmf-dist/tex/generic/pgf/utilities/pgfkeys.code.tex)
) (/usr/local/texlive/2016/texmf-dist/tex/latex/pgf/math/pgfmath.sty
(/usr/local/texlive/2016/texmf-dist/tex/generic/pgf/math/pgfmath.code.tex))
(/usr/local/texlive/2016/texmf-dist/tex/generic/pgf/utilities/pgffor.code.tex
Package: pgffor 2013/12/13 v3.0.1a (rcs-revision 1.25)

(/usr/local/texlive/2016/texmf-dist/tex/generic/pgf/math/pgfmath.code.tex)
\pgffor@iter=\dimen151
\pgffor@skip=\dimen152
\pgffor@stack=\toks30
\pgffor@toks=\toks31
))
(/usr/local/texlive/2016/texmf-dist/tex/generic/pgf/frontendlayer/tikz/tikz.cod
e.tex
Package: tikz 2015/08/07 v3.0.1a (rcs-revision 1.151)

(/usr/local/texlive/2016/texmf-dist/tex/generic/pgf/libraries/pgflibraryplothan
dlers.code.tex
File: pgflibraryplothandlers.code.tex 2013/08/31 v3.0.1a (rcs-revision 1.20)
\pgf@plot@mark@count=\count110
\pgfplotmarksize=\dimen153
)
\tikz@lastx=\dimen154
\tikz@lasty=\dimen155
\tikz@lastxsaved=\dimen156
\tikz@lastysaved=\dimen157
\tikzleveldistance=\dimen158
\tikzsiblingdistance=\dimen159
\tikz@figbox=\box35
\tikz@figbox@bg=\box36
\tikz@tempbox=\box37
\tikz@tempbox@bg=\box38
\tikztreelevel=\count111
\tikznumberofchildren=\count112
\tikznumberofcurrentchild=\count113
\tikz@fig@count=\count114

(/usr/local/texlive/2016/texmf-dist/tex/generic/pgf/modules/pgfmodulematrix.cod
e.tex
File: pgfmodulematrix.code.tex 2013/09/17  (rcs-revision 1.8)
\pgfmatrixcurrentrow=\count115
\pgfmatrixcurrentcolumn=\count116
\pgf@matrix@numberofcolumns=\count117
)
\tikz@expandcount=\count118

(/usr/local/texlive/2016/texmf-dist/tex/generic/pgf/frontendlayer/tikz/librarie
s/tikzlibrarytopaths.code.tex
File: tikzlibrarytopaths.code.tex 2008/06/17 v3.0.1a (rcs-revision 1.2)
)))
(/usr/local/texlive/2016/texmf-dist/tex/latex/float/float.sty
Package: float 2001/11/08 v1.3d Float enhancements (AL)
\c@float@type=\count119
\float@exts=\toks32
\float@box=\box39
\@float@everytoks=\toks33
\@floatcapt=\box40
)
(/usr/local/texlive/2016/texmf-dist/tex/latex/geometry/geometry.sty
Package: geometry 2010/09/12 v5.6 Page Geometry

(/usr/local/texlive/2016/texmf-dist/tex/generic/oberdiek/ifpdf.sty
Package: ifpdf 2016/05/14 v3.1 Provides the ifpdf switch
)
(/usr/local/texlive/2016/texmf-dist/tex/generic/oberdiek/ifvtex.sty
Package: ifvtex 2016/05/16 v1.6 Detect VTeX and its facilities (HO)
Package ifvtex Info: VTeX not detected.
)
(/usr/local/texlive/2016/texmf-dist/tex/generic/ifxetex/ifxetex.sty
Package: ifxetex 2010/09/12 v0.6 Provides ifxetex conditional
)
\Gm@cnth=\count120
\Gm@cntv=\count121
\c@Gm@tempcnt=\count122
\Gm@bindingoffset=\dimen160
\Gm@wd@mp=\dimen161
\Gm@odd@mp=\dimen162
\Gm@even@mp=\dimen163
\Gm@layoutwidth=\dimen164
\Gm@layoutheight=\dimen165
\Gm@layouthoffset=\dimen166
\Gm@layoutvoffset=\dimen167
\Gm@dimlist=\toks34
)
(/usr/local/texlive/2016/texmf-dist/tex/latex/caption/caption.sty
Package: caption 2016/02/21 v3.3-144 Customizing captions (AR)

(/usr/local/texlive/2016/texmf-dist/tex/latex/caption/caption3.sty
Package: caption3 2016/02/04 v1.7-139 caption3 kernel (AR)
Package caption3 Info: TeX engine: e-TeX on input line 67.
\captionmargin=\dimen168
\captionmargin@=\dimen169
\captionwidth=\dimen170
\caption@tempdima=\dimen171
\caption@indent=\dimen172
\caption@parindent=\dimen173
\caption@hangindent=\dimen174
)
\c@ContinuedFloat=\count123
Package caption Info: float package is loaded.
)
(/usr/local/texlive/2016/texmf-dist/tex/latex/caption/subcaption.sty
Package: subcaption 2016/02/20 v1.1-142 Sub-captions (AR)
\c@subfigure=\count124
\c@subtable=\count125
)
(/usr/local/texlive/2016/texmf-dist/tex/latex/natbib/natbib.sty
Package: natbib 2010/09/13 8.31b (PWD, AO)
\bibhang=\skip46
\bibsep=\skip47
LaTeX Info: Redefining \cite on input line 694.
\c@NAT@ctr=\count126
)
(/usr/local/texlive/2016/texmf-dist/tex/latex/amsfonts/amssymb.sty
Package: amssymb 2013/01/14 v3.01 AMS font symbols

(/usr/local/texlive/2016/texmf-dist/tex/latex/amsfonts/amsfonts.sty
Package: amsfonts 2013/01/14 v3.01 Basic AMSFonts support
\symAMSa=\mathgroup7
\symAMSb=\mathgroup8
LaTeX Font Info:    Overwriting math alphabet `\mathfrak' in version `bold'
(Font)                  U/euf/m/n --> U/euf/b/n on input line 106.
))
(/usr/local/texlive/2016/texmf-dist/tex/latex/algorithms/algorithm.sty
Package: algorithm 2009/08/24 v0.1 Document Style `algorithm' - floating enviro
nment

(/usr/local/texlive/2016/texmf-dist/tex/latex/base/ifthen.sty
Package: ifthen 2014/09/29 v1.1c Standard LaTeX ifthen package (DPC)
)
\@float@every@algorithm=\toks35
\c@algorithm=\count127
)
(/usr/local/texlive/2016/texmf-dist/tex/latex/mathtools/mathtools.sty
Package: mathtools 2015/11/12 v1.18 mathematical typesetting tools

(/usr/local/texlive/2016/texmf-dist/tex/latex/tools/calc.sty
Package: calc 2014/10/28 v4.3 Infix arithmetic (KKT,FJ)
\calc@Acount=\count128
\calc@Bcount=\count129
\calc@Adimen=\dimen175
\calc@Bdimen=\dimen176
\calc@Askip=\skip48
\calc@Bskip=\skip49
LaTeX Info: Redefining \setlength on input line 80.
LaTeX Info: Redefining \addtolength on input line 81.
\calc@Ccount=\count130
\calc@Cskip=\skip50
)
(/usr/local/texlive/2016/texmf-dist/tex/latex/mathtools/mhsetup.sty
Package: mhsetup 2010/01/21 v1.2a programming setup (MH)
)
LaTeX Info: Thecontrolsequence`\('isalreadyrobust on input line 129.
LaTeX Info: Thecontrolsequence`\)'isalreadyrobust on input line 129.
LaTeX Info: Thecontrolsequence`\['isalreadyrobust on input line 129.
LaTeX Info: Thecontrolsequence`\]'isalreadyrobust on input line 129.
\g_MT_multlinerow_int=\count131
\l_MT_multwidth_dim=\dimen177
\origjot=\skip51
\l_MT_shortvdotswithinadjustabove_dim=\dimen178
\l_MT_shortvdotswithinadjustbelow_dim=\dimen179
\l_MT_above_intertext_sep=\dimen180
\l_MT_below_intertext_sep=\dimen181
\l_MT_above_shortintertext_sep=\dimen182
\l_MT_below_shortintertext_sep=\dimen183
)
(/usr/local/texlive/2016/texmf-dist/tex/latex/appendix/appendix.sty
Package: appendix 2009/09/02 v1.2b extra appendix facilities
\c@@pps=\count132
\c@@ppsavesec=\count133
\c@@ppsaveapp=\count134
)
(/usr/local/texlive/2016/texmf-dist/tex/latex/algorithmicx/algpseudocode.sty
Package: algpseudocode 

(/usr/local/texlive/2016/texmf-dist/tex/latex/algorithmicx/algorithmicx.sty
Package: algorithmicx 2005/04/27 v1.2 Algorithmicx

Document Style algorithmicx 1.2 - a greatly improved `algorithmic' style
\c@ALG@line=\count135
\c@ALG@rem=\count136
\c@ALG@nested=\count137
\ALG@tlm=\skip52
\ALG@thistlm=\skip53
\c@ALG@Lnr=\count138
\c@ALG@blocknr=\count139
\c@ALG@storecount=\count140
\c@ALG@tmpcounter=\count141
\ALG@tmplength=\skip54
)
Document Style - pseudocode environments for use with the `algorithmicx' style
) (/usr/local/texlive/2016/texmf-dist/tex/latex/listings/listings.sty
\lst@mode=\count142
\lst@gtempboxa=\box41
\lst@token=\toks36
\lst@length=\count143
\lst@currlwidth=\dimen184
\lst@column=\count144
\lst@pos=\count145
\lst@lostspace=\dimen185
\lst@width=\dimen186
\lst@newlines=\count146
\lst@lineno=\count147
\lst@maxwidth=\dimen187

(/usr/local/texlive/2016/texmf-dist/tex/latex/listings/lstmisc.sty
File: lstmisc.sty 2015/06/04 1.6 (Carsten Heinz)
\c@lstnumber=\count148
\lst@skipnumbers=\count149
\lst@framebox=\box42
)
(/usr/local/texlive/2016/texmf-dist/tex/latex/listings/listings.cfg
File: listings.cfg 2015/06/04 1.6 listings configuration
))
Package: listings 2015/06/04 1.6 (Carsten Heinz)

(/usr/local/texlive/2016/texmf-dist/tex/latex/listings/lstlang1.sty
File: lstlang1.sty 2015/06/04 1.6 listings language file
)
(/usr/local/texlive/2016/texmf-dist/tex/latex/listings/lstlang2.sty
File: lstlang2.sty 2015/06/04 1.6 listings language file
)
(/usr/local/texlive/2016/texmf-dist/tex/latex/listings/lstlang3.sty
File: lstlang3.sty 2015/06/04 1.6 listings language file
)
(/usr/local/texlive/2016/texmf-dist/tex/latex/relsize/relsize.sty
Package: relsize 2013/03/29 ver 4.1
)
(/usr/local/texlive/2016/texmf-dist/tex/latex/multirow/multirow.sty
\bigstrutjot=\dimen188
)
(/usr/local/texlive/2016/texmf-dist/tex/latex/titling/titling.sty
Package: titling 2009/09/04 v2.1d maketitle typesetting
\thanksmarkwidth=\skip55
\thanksmargin=\skip56
\droptitle=\skip57
)
(/usr/local/texlive/2016/texmf-dist/tex/latex/blindtext/blindtext.sty
Package: blindtext 2012/01/06 V2.0 blindtext-Package

(/usr/local/texlive/2016/texmf-dist/tex/latex/tools/xspace.sty
Package: xspace 2014/10/28 v1.13 Space after command names (DPC,MH)
)
\c@blindtext=\count150
\c@Blindtext=\count151
\c@blind@countparstart=\count152
\blind@countxx=\count153
\blindtext@numBlindtext=\count154
\blind@countyy=\count155
\c@blindlist=\count156
\c@blindlistlevel=\count157
\c@blindlist@level=\count158
\blind@listitem=\count159
\c@blind@listcount=\count160
\c@blind@levelcount=\count161
\blind@mathformula=\count162
\blind@Mathformula=\count163
\c@blind@randomcount=\count164
\c@blind@randommax=\count165
\c@blind@pangramcount=\count166
\c@blind@pangrammax=\count167
)
(/usr/local/texlive/2016/texmf-dist/tex/latex/scalerel/scalerel.sty
Package: scalerel 2015/02/18 v1.7 Routines for constrained scaling and stretchi
ng of objects, relative to a reference object or in absolute terms

(/usr/local/texlive/2016/texmf-dist/tex/latex/etoolbox/etoolbox.sty
Package: etoolbox 2015/08/02 v2.2a e-TeX tools for LaTeX (JAW)
\etb@tempcnta=\count168
)
\thesrwidth=\skip58
\thesrheight=\skip59
\srblobheight=\skip60
\srblobdepth=\skip61
\mnxsrwidth=\skip62
\prebox=\box43
\LMex=\skip63
\LMpt=\skip64
)
(/usr/local/texlive/2016/texmf-dist/tex/latex/pdfpages/pdfpages.sty
Package: pdfpages 2016/04/19 v0.5f Insert pages of external PDF documents (AM)

(/usr/local/texlive/2016/texmf-dist/tex/latex/eso-pic/eso-pic.sty
Package: eso-pic 2015/07/21 v2.0g eso-pic (RN)

(/usr/local/texlive/2016/texmf-dist/tex/generic/oberdiek/atbegshi.sty
Package: atbegshi 2016/05/16 v1.17 At begin shipout hook (HO)
))
\AM@pagewidth=\dimen189
\AM@pageheight=\dimen190

(/usr/local/texlive/2016/texmf-dist/tex/latex/pdfpages/pppdftex.def
File: pppdftex.def 2016/04/19 v0.5f Pdfpages driver for pdfTeX (AM)
)
\AM@pagebox=\box44
\AM@global@opts=\toks37
\AM@toc@title=\toks38
\c@AM@survey=\count169
\AM@templatesizebox=\box45
)
(/usr/local/texlive/2016/texmf-dist/tex/latex/graphics/lscape.sty
Package: lscape 2000/10/22 v3.01 Landscape Pages (DPC)
)
(/usr/local/texlive/2016/texmf-dist/tex/latex/soul/soul.sty
Package: soul 2003/11/17 v2.4 letterspacing/underlining (mf)
\SOUL@word=\toks39
\SOUL@lasttoken=\toks40
\SOUL@cmds=\toks41
\SOUL@buffer=\toks42
\SOUL@token=\toks43
\SOUL@spaceskip=\skip65
\SOUL@ttwidth=\dimen191
\SOUL@uldp=\dimen192
\SOUL@ulht=\dimen193
)
(/usr/local/texlive/2016/texmf-dist/tex/latex/siunitx/siunitx.sty
(/usr/local/texlive/2016/texmf-dist/tex/latex/l3kernel/expl3.sty
Package: expl3 2016/05/18 v6512 L3 programming layer (loader) 

(/usr/local/texlive/2016/texmf-dist/tex/latex/l3kernel/expl3-code.tex
Package: expl3 2016/05/18 v6512 L3 programming layer (code)
L3 Module: l3bootstrap 2016/02/12 v6412 L3 Bootstrap code
L3 Module: l3names 2016/03/11 v6433 L3 Namespace for primitives
L3 Module: l3basics 2015/11/22 v6315 L3 Basic definitions
L3 Module: l3expan 2015/09/10 v5983 L3 Argument expansion
L3 Module: l3tl 2016/03/26 v6465 L3 Token lists
L3 Module: l3str 2016/03/24 v6441 L3 Strings
L3 Module: l3seq 2015/08/05 v5777 L3 Sequences and stacks
L3 Module: l3int 2016/03/24 v6441 L3 Integers
\c_max_int=\count170
\l_tmpa_int=\count171
\l_tmpb_int=\count172
\g_tmpa_int=\count173
\g_tmpb_int=\count174
L3 Module: l3quark 2015/08/17 v5855 L3 Quarks
L3 Module: l3prg 2015/11/01 v6216 L3 Control structures
\g__prg_map_int=\count175
L3 Module: l3clist 2015/09/02 v5901 L3 Comma separated lists
L3 Module: l3token 2016/04/03 v6470 L3 Experimental token manipulation
L3 Module: l3prop 2016/01/05 v6366 L3 Property lists
L3 Module: l3msg 2016/03/26 v6464 L3 Messages
L3 Module: l3file 2016/03/25 v6458 L3 File and I/O operations
\l_iow_line_count_int=\count176
\l__iow_target_count_int=\count177
\l__iow_current_line_int=\count178
\l__iow_current_word_int=\count179
\l__iow_current_indentation_int=\count180
L3 Module: l3skip 2016/01/05 v6366 L3 Dimensions and skips
\c_zero_dim=\dimen194
\c_max_dim=\dimen195
\l_tmpa_dim=\dimen196
\l_tmpb_dim=\dimen197
\g_tmpa_dim=\dimen198
\g_tmpb_dim=\dimen199
\c_zero_skip=\skip66
\c_max_skip=\skip67
\l_tmpa_skip=\skip68
\l_tmpb_skip=\skip69
\g_tmpa_skip=\skip70
\g_tmpb_skip=\skip71
\c_zero_muskip=\muskip11
\c_max_muskip=\muskip12
\l_tmpa_muskip=\muskip13
\l_tmpb_muskip=\muskip14
\g_tmpa_muskip=\muskip15
\g_tmpb_muskip=\muskip16
L3 Module: l3keys 2015/11/17 v6284 L3 Key-value interfaces
\g__keyval_level_int=\count181
\l_keys_choice_int=\count182
L3 Module: l3fp 2016/03/26 v6465 L3 Floating points
\c__fp_leading_shift_int=\count183
\c__fp_middle_shift_int=\count184
\c__fp_trailing_shift_int=\count185
\c__fp_big_leading_shift_int=\count186
\c__fp_big_middle_shift_int=\count187
\c__fp_big_trailing_shift_int=\count188
\c__fp_Bigg_leading_shift_int=\count189
\c__fp_Bigg_middle_shift_int=\count190
\c__fp_Bigg_trailing_shift_int=\count191
L3 Module: l3box 2015/08/09 v5822 L3 Experimental boxes
\c_empty_box=\box46
\l_tmpa_box=\box47
\l_tmpb_box=\box48
\g_tmpa_box=\box49
\g_tmpb_box=\box50
L3 Module: l3coffins 2016/05/17 v6508 L3 Coffin code layer
\l__coffin_internal_box=\box51
\l__coffin_internal_dim=\dimen256
\l__coffin_offset_x_dim=\dimen257
\l__coffin_offset_y_dim=\dimen258
\l__coffin_x_dim=\dimen259
\l__coffin_y_dim=\dimen260
\l__coffin_x_prime_dim=\dimen261
\l__coffin_y_prime_dim=\dimen262
\c_empty_coffin=\box52
\l__coffin_aligned_coffin=\box53
\l__coffin_aligned_internal_coffin=\box54
\l_tmpa_coffin=\box55
\l_tmpb_coffin=\box56
\l__coffin_display_coffin=\box57
\l__coffin_display_coord_coffin=\box58
\l__coffin_display_pole_coffin=\box59
\l__coffin_display_offset_dim=\dimen263
\l__coffin_display_x_dim=\dimen264
\l__coffin_display_y_dim=\dimen265
L3 Module: l3color 2014/08/23 v5354 L3 Experimental color support
L3 Module: l3sys 2015/09/25 v6087 L3 Experimental system/runtime functions
L3 Module: l3candidates 2016/05/13 v6484 L3 Experimental additions to l3kernel
\l__box_top_dim=\dimen266
\l__box_bottom_dim=\dimen267
\l__box_left_dim=\dimen268
\l__box_right_dim=\dimen269
\l__box_top_new_dim=\dimen270
\l__box_bottom_new_dim=\dimen271
\l__box_left_new_dim=\dimen272
\l__box_right_new_dim=\dimen273
\l__box_internal_box=\box60
\l__coffin_bounding_shift_dim=\dimen274
\l__coffin_left_corner_dim=\dimen275
\l__coffin_right_corner_dim=\dimen276
\l__coffin_bottom_corner_dim=\dimen277
\l__coffin_top_corner_dim=\dimen278
\l__coffin_scaled_total_height_dim=\dimen279
\l__coffin_scaled_width_dim=\dimen280
L3 Module: l3luatex 2016/03/26 v6465 L3 Experimental LuaTeX-specific functions
)
(/usr/local/texlive/2016/texmf-dist/tex/latex/l3kernel/l3pdfmode.def
File: l3pdfmode.def 2016/03/26 v6465 L3 Experimental driver: PDF mode
\l__driver_color_stack_int=\count192
\l__driver_tmp_box=\box61
))
(/usr/local/texlive/2016/texmf-dist/tex/latex/l3packages/xparse/xparse.sty
Package: xparse 2016/05/18 v6512 L3 Experimental document command parser
\l__xparse_current_arg_int=\count193
\l__xparse_m_args_int=\count194
\l__xparse_mandatory_args_int=\count195
\l__xparse_processor_int=\count196
\l__xparse_v_nesting_int=\count197
)
Package: siunitx 2016/03/01 v2.6q A comprehensive (SI) units package

(/usr/local/texlive/2016/texmf-dist/tex/latex/tools/array.sty
Package: array 2014/10/28 v2.4c Tabular extension package (FMi)
\col@sep=\dimen281
\extrarowheight=\dimen282
\NC@list=\toks44
\extratabsurround=\skip72
\backup@length=\skip73
)
(/usr/local/texlive/2016/texmf-dist/tex/latex/l3packages/l3keys2e/l3keys2e.sty
Package: l3keys2e 2016/05/18 v6512 LaTeX2e option processing using LaTeX3 keys
)
\l__siunitx_tmp_box=\box62
\l__siunitx_tmp_dim=\dimen283
\l__siunitx_tmp_int=\count198
\l__siunitx_number_mantissa_length_int=\count199
\l__siunitx_number_uncert_length_int=\count266
\l__siunitx_round_int=\count267
\l__siunitx_process_decimal_int=\count268
\l__siunitx_process_uncertainty_int=\count269
\l__siunitx_process_fixed_int=\count270
\l__siunitx_process_integer_min_int=\count271
\l__siunitx_process_precision_int=\count272
\l__siunitx_group_min_int=\count273
\l__siunitx_angle_marker_box=\box63
\l__siunitx_angle_unit_box=\box64
\l__siunitx_angle_marker_dim=\dimen284
\l__siunitx_angle_unit_dim=\dimen285
\l__siunitx_unit_int=\count274
\l__siunitx_unit_denominator_int=\count275
\l__siunitx_unit_numerator_int=\count276
\l__siunitx_unit_prefix_int=\count277
\l__siunitx_unit_prefix_base_int=\count278
\l__siunitx_unit_prefix_gram_int=\count279
\l__siunitx_number_product_int=\count280
\c__siunitx_one_fill_skip=\skip74
\l__siunitx_table_unit_align_skip=\skip75
\l__siunitx_table_exponent_dim=\dimen286
\l__siunitx_table_integer_dim=\dimen287
\l__siunitx_table_mantissa_dim=\dimen288
\l__siunitx_table_marker_dim=\dimen289
\l__siunitx_table_result_dim=\dimen290
\l__siunitx_table_uncert_dim=\dimen291
\l__siunitx_table_fill_pre_dim=\dimen292
\l__siunitx_table_fill_post_dim=\dimen293
\l__siunitx_table_fill_mid_dim=\dimen294
\l__siunitx_table_pre_box=\box65
\l__siunitx_table_post_box=\box66
\l__siunitx_table_mantissa_box=\box67
\l__siunitx_table_result_box=\box68
\l__siunitx_table_number_align_skip=\skip76
\l__siunitx_table_text_align_skip=\skip77
.................................................
. LaTeX info: "xparse/define-command"
. 
. Defining command \DeclareBinaryPrefix with sig. 'mmm' on line 7218.
.................................................
.................................................
. LaTeX info: "xparse/define-command"
. 
. Defining command \DeclareSIPostPower with sig. 'mm' on line 7221.
.................................................
.................................................
. LaTeX info: "xparse/define-command"
. 
. Defining command \DeclareSIPrefix with sig. 'mmm' on line 7224.
.................................................
.................................................
. LaTeX info: "xparse/define-command"
. 
. Defining command \DeclareSIPrePower with sig. 'mm' on line 7227.
.................................................
.................................................
. LaTeX info: "xparse/define-command"
. 
. Defining command \DeclareSIQualifier with sig. 'mm' on line 7230.
.................................................
.................................................
. LaTeX info: "xparse/define-command"
. 
. Defining command \DeclareSIUnit with sig. 'O{}mm' on line 7233.
.................................................
.................................................
. LaTeX info: "xparse/define-command"
. 
. Defining command \DeclareSIUnitWithOptions with sig. 'mmm' on line 7236.
.................................................
.................................................
. LaTeX info: "xparse/define-command"
. 
. Defining command \ang with sig. 'o>{\SplitArgument {2}{;}}m' on line 7251.
.................................................
.................................................
. LaTeX info: "xparse/define-command"
. 
. Defining command \num with sig. 'om' on line 7260.
.................................................
.................................................
. LaTeX info: "xparse/define-command"
. 
. Defining command \numlist with sig. 'o>{\SplitList {;}}m' on line 7269.
.................................................
.................................................
. LaTeX info: "xparse/define-command"
. 
. Defining command \numrange with sig. 'omm' on line 7278.
.................................................
.................................................
. LaTeX info: "xparse/define-command"
. 
. Defining command \SIlist with sig. 'o>{\SplitList {;}}mm' on line 7290.
.................................................
.................................................
. LaTeX info: "xparse/define-command"
. 
. Defining command \SIrange with sig. 'ommm' on line 7302.
.................................................
.................................................
. LaTeX info: "xparse/define-command"
. 
. Defining command \SI with sig. 'omom' on line 7314.
.................................................
.................................................
. LaTeX info: "xparse/define-command"
. 
. Defining command \sisetup with sig. 'm' on line 7317.
.................................................
.................................................
. LaTeX info: "xparse/define-command"
. 
. Defining command \tablenum with sig. 'om' on line 7332.
.................................................
.................................................
. LaTeX info: "xparse/define-command"
. 
. Defining command \si with sig. 'om' on line 7344.
.................................................
.................................................
. LaTeX info: "xparse/define-command"
. 
. Defining command \__siunitx_bookmark_num:w with sig. 'om' on line 7391.
.................................................
.................................................
. LaTeX info: "xparse/define-command"
. 
. Defining command \__siunitx_bookmark_numrange:w with sig. 'omm' on line
. 7393.
.................................................
.................................................
. LaTeX info: "xparse/define-command"
. 
. Defining command \__siunitx_bookmark_SI:w with sig. 'omom' on line 7395.
.................................................
.................................................
. LaTeX info: "xparse/define-command"
. 
. Defining command \__siunitx_bookmark_SIlist:w with sig. 'omm' on line 7397.
.................................................
.................................................
. LaTeX info: "xparse/define-command"
. 
. Defining command \__siunitx_bookmark_SIrange:w with sig. 'ommm' on line
. 7399.
.................................................
.................................................
. LaTeX info: "xparse/define-command"
. 
. Defining command \__siunitx_bookmark_si:w with sig. 'om' on line 7400.
.................................................
\g__file_internal_ior=\read2
(/usr/local/texlive/2016/texmf-dist/tex/latex/beamer/translator/translator.sty
Package: translator 2010/06/12 ver 1.10

(/usr/local/texlive/2016/texmf-dist/tex/latex/beamer/translator/translator-lang
uage-mappings.tex)))
\c@theorem=\count281
\c@lemma=\count282
\c@conj=\count283
\c@definition=\count284
 (./MQR_Draft_June2019.aux

LaTeX Warning: Label `mod1' multiply defined.


LaTeX Warning: Label `TrueScaleMod' multiply defined.

)
\openout1 = `MQR_Draft_June2019.aux'.

LaTeX Font Info:    Checking defaults for OML/cmm/m/it on input line 68.
LaTeX Font Info:    ... okay on input line 68.
LaTeX Font Info:    Checking defaults for T1/cmr/m/n on input line 68.
LaTeX Font Info:    ... okay on input line 68.
LaTeX Font Info:    Checking defaults for OT1/cmr/m/n on input line 68.
LaTeX Font Info:    ... okay on input line 68.
LaTeX Font Info:    Checking defaults for OMS/cmsy/m/n on input line 68.
LaTeX Font Info:    ... okay on input line 68.
LaTeX Font Info:    Checking defaults for OMX/cmex/m/n on input line 68.
LaTeX Font Info:    ... okay on input line 68.
LaTeX Font Info:    Checking defaults for U/cmr/m/n on input line 68.
LaTeX Font Info:    ... okay on input line 68.
 ABD: EveryShipout initializing macros
(/usr/local/texlive/2016/texmf-dist/tex/context/base/mkii/supp-pdf.mkii
[Loading MPS to PDF converter (version 2006.09.02).]
\scratchcounter=\count285
\scratchdimen=\dimen295
\scratchbox=\box69
\nofMPsegments=\count286
\nofMParguments=\count287
\everyMPshowfont=\toks45
\MPscratchCnt=\count288
\MPscratchDim=\dimen296
\MPnumerator=\count289
\makeMPintoPDFobject=\count290
\everyMPtoPDFconversion=\toks46
) (/usr/local/texlive/2016/texmf-dist/tex/generic/oberdiek/pdftexcmds.sty
Package: pdftexcmds 2016/05/10 v0.21 Utility functions of pdfTeX for LuaTeX (HO
)

(/usr/local/texlive/2016/texmf-dist/tex/generic/oberdiek/ifluatex.sty
Package: ifluatex 2016/05/16 v1.4 Provides the ifluatex switch (HO)
Package ifluatex Info: LuaTeX not detected.
)
Package pdftexcmds Info: LuaTeX not detected.
Package pdftexcmds Info: \pdf@primitive is available.
Package pdftexcmds Info: \pdf@ifprimitive is available.
Package pdftexcmds Info: \pdfdraftmode found.
)
(/usr/local/texlive/2016/texmf-dist/tex/latex/oberdiek/epstopdf-base.sty
Package: epstopdf-base 2016/05/15 v2.6 Base part for package epstopdf

(/usr/local/texlive/2016/texmf-dist/tex/latex/oberdiek/grfext.sty
Package: grfext 2016/05/16 v1.2 Manage graphics extensions (HO)

(/usr/local/texlive/2016/texmf-dist/tex/generic/oberdiek/kvdefinekeys.sty
Package: kvdefinekeys 2016/05/16 v1.4 Define keys (HO)
))
(/usr/local/texlive/2016/texmf-dist/tex/latex/oberdiek/kvoptions.sty
Package: kvoptions 2016/05/16 v3.12 Key value format for package options (HO)

(/usr/local/texlive/2016/texmf-dist/tex/generic/oberdiek/kvsetkeys.sty
Package: kvsetkeys 2016/05/16 v1.17 Key value parser (HO)

(/usr/local/texlive/2016/texmf-dist/tex/generic/oberdiek/etexcmds.sty
Package: etexcmds 2016/05/16 v1.6 Avoid name clashes with e-TeX commands (HO)
Package etexcmds Info: Could not find \expanded.
(etexcmds)             That can mean that you are not using pdfTeX 1.50 or
(etexcmds)             that some package has redefined \expanded.
(etexcmds)             In the latter case, load this package earlier.
)))
Package grfext Info: Graphics extension search list:
(grfext)             [.png,.pdf,.jpg,.mps,.jpeg,.jbig2,.jb2,.PNG,.PDF,.JPG,.JPE
G,.JBIG2,.JB2,.eps]
(grfext)             \AppendGraphicsExtensions on input line 456.

(/usr/local/texlive/2016/texmf-dist/tex/latex/latexconfig/epstopdf-sys.cfg
File: epstopdf-sys.cfg 2010/07/13 v1.3 Configuration of (r)epstopdf for TeX Liv
e
))
*geometry* driver: auto-detecting
*geometry* detected driver: pdftex
*geometry* verbose mode - [ preamble ] result:
* driver: pdftex
* paper: <default>
* layout: <same size as paper>
* layoutoffset:(h,v)=(0.0pt,0.0pt)
* modes: 
* h-part:(L,W,R)=(72.26999pt, 469.75502pt, 72.26999pt)
* v-part:(T,H,B)=(72.26999pt, 650.43001pt, 72.26999pt)
* \paperwidth=614.295pt
* \paperheight=794.96999pt
* \textwidth=469.75502pt
* \textheight=650.43001pt
* \oddsidemargin=0.0pt
* \evensidemargin=0.0pt
* \topmargin=-37.0pt
* \headheight=12.0pt
* \headsep=25.0pt
* \topskip=12.0pt
* \footskip=30.0pt
* \marginparwidth=44.0pt
* \marginparsep=10.0pt
* \columnsep=10.0pt
* \skip\footins=10.8pt plus 4.0pt minus 2.0pt
* \hoffset=0.0pt
* \voffset=0.0pt
* \mag=1000
* \@twocolumnfalse
* \@twosidefalse
* \@mparswitchfalse
* \@reversemarginfalse
* (1in=72.27pt=25.4mm, 1cm=28.453pt)

Package caption Info: Begin \AtBeginDocument code.
Package caption Info: listings package is loaded.
Package caption Info: End \AtBeginDocument code.
\c@lstlisting=\count291
\AtBeginShipoutBox=\box70
(/usr/local/texlive/2016/texmf-dist/tex/latex/oberdiek/pdflscape.sty
Package: pdflscape 2016/05/14 v0.11 Display of landscape pages in PDF (HO)
Package pdflscape Info: Auto-detected driver: pdftex on input line 81.
)
(/usr/local/texlive/2016/texmf-dist/tex/latex/beamer/translator/dicts/translato
r-basic-dictionary/translator-basic-dictionary-English.dict
Dictionary: translator-basic-dictionary, Language: English 
)
(/usr/local/texlive/2016/texmf-dist/tex/latex/siunitx/siunitx-abbreviations.cfg
File: siunitx-abbreviations.cfg 2016/03/01 v2.6q siunitx: Abbreviated units
)
\c__siunitx_mathsf_int=\count292
LaTeX Font Info:    Try loading font information for U+msa on input line 68.
 (/usr/local/texlive/2016/texmf-dist/tex/latex/amsfonts/umsa.fd
File: umsa.fd 2013/01/14 v3.01 AMS symbols A
)
LaTeX Font Info:    Try loading font information for U+msb on input line 68.

(/usr/local/texlive/2016/texmf-dist/tex/latex/amsfonts/umsb.fd
File: umsb.fd 2013/01/14 v3.01 AMS symbols B
)
\c__siunitx_mathtt_int=\count293
 [1

{/usr/local/texlive/2016/texmf-var/fonts/map/pdftex/updmap/pdftex.map}]
Missing character: There is no â in font cmr12!
Missing character: There is no € in font cmr12!
Missing character: There is no ƒ in font cmr12!


Package natbib Warning: Citation `wood2014defining' on page 1 undefined on inpu
t line 88.


Package natbib Warning: Citation `locke2015genetic' on page 1 undefined on inpu
t line 88.


Package natbib Warning: Citation `global2013discovery' on page 1 undefined on i
nput line 88.


Package natbib Warning: Citation `reddon2016physical' on page 1 undefined on in
put line 88.


Package natbib Warning: Citation `grandjean2012dietary' on page 1 undefined on 
input line 88.


Package natbib Warning: Citation `risch2009interaction' on page 1 undefined on 
input line 88.


Package natbib Warning: Citation `scott2012no' on page 1 undefined on input lin
e 88.


Package natbib Warning: Citation `culverhouse2017collaborative' on page 1 undef
ined on input line 88.


Package natbib Warning: Citation `struchalin2010variance' on page 1 undefined o
n input line 90.


Package natbib Warning: Citation `sun2013significance' on page 1 undefined on i
nput line 90.


Package natbib Warning: Citation `pare2010use' on page 1 undefined on input lin
e 90.


Package natbib Warning: Citation `gauderman2013finding' on page 1 undefined on 
input line 90.


Package natbib Warning: Citation `koenker1978regression' on page 1 undefined on
 input line 90.


Package natbib Warning: Citation `abadi2017penetrance' on page 1 undefined on i
nput line 90.


Package natbib Warning: Citation `koenker1982robust' on page 1 undefined on inp
ut line 90.


Package natbib Warning: Citation `koenker1982robust' on page 1 undefined on inp
ut line 90.


Package natbib Warning: Citation `koenker1982robust' on page 1 undefined on inp
ut line 90.


Package natbib Warning: Citation `abadi2017penetrance' on page 1 undefined on i
nput line 90.


Package natbib Warning: Citation `abadi2017penetrance' on page 1 undefined on i
nput line 90.

[1]

Package natbib Warning: Citation `hagemann2017cluster' on page 2 undefined on i
nput line 92.


Package natbib Warning: Citation `firpo2009unconditional' on page 2 undefined o
n input line 92.


Package natbib Warning: Citation `pare2010use' on page 2 undefined on input lin
e 101.


Package natbib Warning: Citation `gauderman2013finding' on page 2 undefined on 
input line 101.


Package natbib Warning: Citation `wang2015review' on page 2 undefined on input 
line 101.

[2]

Package natbib Warning: Citation `struchalin2010variance' on page 3 undefined o
n input line 109.

[3]

Package natbib Warning: Citation `Gerstein:2004ek' on page 4 undefined on input
 line 123.


Overfull \hbox (19.9347pt too wide) in paragraph at lines 123--124
\OT1/cmr/m/n/12 BEAGESS (phs000869.v1.p1), GAR-NET (phs000343.v3.p1), HABC (phs
000169.v1.p1), NHS/H-
 []


Package natbib Warning: Citation `anand2012glucose' on page 4 undefined on inpu
t line 125.


Package natbib Warning: Citation `musunuru2010candidate' on page 4 undefined on
 input line 125.

[4]

Package natbib Warning: Citation `hagemann2017cluster' on page 5 undefined on i
nput line 133.


Package natbib Warning: Citation `lee1998testing' on page 5 undefined on input 
line 137.

[5]

Package natbib Warning: Citation `abadi2017penetrance' on page 6 undefined on i
nput line 142.


Package natbib Warning: Citation `Young:2018ej' on page 6 undefined on input li
ne 142.


Package natbib Warning: Citation `Young:2018ej' on page 6 undefined on input li
ne 142.

[6]

Package natbib Warning: Citation `small1990survey' on page 7 undefined on input
 line 151.


Package natbib Warning: Citation `serfling2008mahalanobis' on page 7 undefined 
on input line 151.


Package natbib Warning: Citation `altman2015points' on page 7 undefined on inpu
t line 151.


Package natbib Warning: Citation `struchalin2010variance' on page 7 undefined o
n input line 153.


Package natbib Warning: Citation `pare2010use' on page 7 undefined on input lin
e 153.


Package natbib Warning: Citation `levene1960robust' on page 7 undefined on inpu
t line 153.


Package natbib Warning: Citation `brown1974robust' on page 7 undefined on input
 line 153.


Package natbib Warning: Citation `brown1974robust' on page 7 undefined on input
 line 153.


Package natbib Warning: Citation `lee1998testing' on page 7 undefined on input 
line 153.

[7]

Package natbib Warning: Citation `khmaladze1982martingale' on page 8 undefined 
on input line 157.


Package natbib Warning: Citation `koenker2002inference' on page 8 undefined on 
input line 157.


Package natbib Warning: Citation `aschard2013nonparametric' on page 8 undefined
 on input line 157.


Package natbib Warning: Citation `massey1951kolmogorov' on page 8 undefined on 
input line 157.


Package natbib Warning: Citation `hart2001mann' on page 8 undefined on input li
ne 157.


Package natbib Warning: Citation `knijnenburg2009fewer' on page 8 undefined on 
input line 157.


Package natbib Warning: Citation `abadi2017penetrance' on page 8 undefined on i
nput line 157.

[8]

Package natbib Warning: Citation `Abadi:2017gaa' on page 9 undefined on input l
ine 161.


Package natbib Warning: Citation `Young:2018ej' on page 9 undefined on input li
ne 161.


Package natbib Warning: Citation `Yang:2015iw' on page 9 undefined on input lin
e 161.


Package natbib Warning: Citation `Young:2018ej' on page 9 undefined on input li
ne 161.


Package natbib Warning: Citation `Young:2018ej' on page 9 undefined on input li
ne 161.


Package natbib Warning: Citation `Leiper:2011ee' on page 9 undefined on input l
ine 163.


Package natbib Warning: Citation `Leiper:2011ee' on page 9 undefined on input l
ine 163.


Package natbib Warning: Citation `Sydow:2008fx' on page 9 undefined on input li
ne 163.


Package natbib Warning: Citation `Razny:2011dm' on page 9 undefined on input li
ne 163.


Overfull \hbox (21.79962pt too wide) in paragraph at lines 163--164
[]\OT1/cmr/m/n/12 that Dimethy-largi-nine dimethy-lamino-hy-dro-lase 1 (DDAH1) 
me-tab-o-lizes asym-met-ric dimethy-
 []

[9]

Package natbib Warning: Citation `abadi2017penetrance' on page 10 undefined on 
input line 166.


Package natbib Warning: Citation `chen2005computational' on page 10 undefined o
n input line 166.


Package natbib Warning: Citation `hagemann2017cluster' on page 10 undefined on 
input line 166.


Package natbib Warning: Citation `knijnenburg2009fewer' on page 10 undefined on
 input line 166.


Package natbib Warning: Citation `koenker1994confidence' on page 10 undefined o
n input line 166.


Package natbib Warning: Citation `koenker1978regression' on page 10 undefined o
n input line 166.


Package natbib Warning: Citation `silverman1986density' on page 10 undefined on
 input line 166.

[10] <Figures/Histograms_Scaling_Plots.png, id=54, 6022.5pt x 7227.0pt>
File: Figures/Histograms_Scaling_Plots.png Graphic file (type png)

<use Figures/Histograms_Scaling_Plots.png>
Package pdftex.def Info: Figures/Histograms_Scaling_Plots.png used on input lin
e 174.
(pdftex.def)             Requested size: 469.6796pt x 563.61552pt.

<Figures/MQR_Manhattan_Plots.png, id=56, 2860.6875pt x 3312.375pt>
File: Figures/MQR_Manhattan_Plots.png Graphic file (type png)

<use Figures/MQR_Manhattan_Plots.png>
Package pdftex.def Info: Figures/MQR_Manhattan_Plots.png used on input line 182
.
(pdftex.def)             Requested size: 469.72325pt x 563.70282pt.
 [11 <./Figures/Histograms_Scaling_Plots.png>] [12 <./Figures/MQR_Manhattan_Plo
ts.png>]
<Figures/Table_1.pdf, id=66, 639.01013pt x 204.43407pt>
File: Figures/Table_1.pdf Graphic file (type pdf)

<use Figures/Table_1.pdf>
Package pdftex.def Info: Figures/Table_1.pdf used on input line 192.
(pdftex.def)             Requested size: 469.75945pt x 258.3993pt.
 [13 <./Figures/Table_1.pdf>]
<Figures/FP_R004_2.jpg, id=91, 780.7569pt x 343.2825pt>
File: Figures/FP_R004_2.jpg Graphic file (type jpg)

<use Figures/FP_R004_2.jpg>
Package pdftex.def Info: Figures/FP_R004_2.jpg used on input line 203.
(pdftex.def)             Requested size: 469.7563pt x 258.36217pt.
 [14



 <./Figures/FP_R004_2.jpg>]
<Figures/power_nominal_cVar23_t.jpg, id=95, 703.1871pt x 465.4188pt>
File: Figures/power_nominal_cVar23_t.jpg Graphic file (type jpg)

<use Figures/power_nominal_cVar23_t.jpg>
Package pdftex.def Info: Figures/power_nominal_cVar23_t.jpg used on input line 
212.
(pdftex.def)             Requested size: 469.77023pt x 281.85976pt.
 [15

 <./Figures/power_nominal_cVar23_t.jpg>] <Figures//Power_Int.jpg, id=99, 720.53
19pt x 579.8463pt>
File: Figures//Power_Int.jpg Graphic file (type jpg)

<use Figures//Power_Int.jpg>
Package pdftex.def Info: Figures//Power_Int.jpg used on input line 220.
(pdftex.def)             Requested size: 469.76945pt x 399.28923pt.
 [16 <./Figures//Power_Int.jpg>]
<Figures/Power_Curves_Scaling_Adjusted.png, id=103, 1206.5075pt x 1206.5075pt>
File: Figures/Power_Curves_Scaling_Adjusted.png Graphic file (type png)

<use Figures/Power_Curves_Scaling_Adjusted.png>
Package pdftex.def Info: Figures/Power_Curves_Scaling_Adjusted.png used on inpu
t line 228.
(pdftex.def)             Requested size: 281.854pt x 281.854pt.

<Figures/Main_Variance_Effects_w_Scaling_Model.png, id=104, 2860.6875pt x 3312.
375pt>
File: Figures/Main_Variance_Effects_w_Scaling_Model.png Graphic file (type png)

 <use Figures/Main_Variance_Effects_w_Scaling_Model.png>
Package pdftex.def Info: Figures/Main_Variance_Effects_w_Scaling_Model.png used
 on input line 235.
(pdftex.def)             Requested size: 563.70282pt x 563.70282pt.

Overfull \hbox (93.9478pt too wide) in paragraph at lines 235--236
 [][] 
 []


LaTeX Warning: `!h' float specifier changed to `!ht'.


<Figures/Interaction_vs_Scaling_Variance_Effects.png, id=105, 2860.6875pt x 331
2.375pt>
File: Figures/Interaction_vs_Scaling_Variance_Effects.png Graphic file (type pn
g)
 <use Figures/Interaction_vs_Scaling_Variance_Effects.png>
Package pdftex.def Info: Figures/Interaction_vs_Scaling_Variance_Effects.png us
ed on input line 242.
(pdftex.def)             Requested size: 469.72325pt x 469.74393pt.


LaTeX Warning: `!h' float specifier changed to `!ht'.

[17 <./Figures/Power_Curves_Scaling_Adjusted.png>] [18 <./Figures/Main_Variance
_Effects_w_Scaling_Model.png>] [19 <./Figures/Interaction_vs_Scaling_Variance_E
ffects.png>]

Package natbib Warning: Citation `pare2010use' on page 20 undefined on input li
ne 273.


Package natbib Warning: Citation `gauderman2013finding' on page 20 undefined on
 input line 273.


Package natbib Warning: Citation `struchalin2010variance' on page 20 undefined 
on input line 273.


Package natbib Warning: Citation `koenker1982robust' on page 20 undefined on in
put line 273.


Package natbib Warning: Citation `harvey1976estimating' on page 20 undefined on
 input line 273.


Package natbib Warning: Citation `godfrey1978testing' on page 20 undefined on i
nput line 273.

[20]

Package natbib Warning: Citation `koenker1982robust' on page 21 undefined on in
put line 315.


Package natbib Warning: Citation `powell1984least' on page 21 undefined on inpu
t line 315.


Package natbib Warning: Citation `kim2003estimation' on page 21 undefined on in
put line 315.


Package natbib Warning: Citation `chernozhukov2005extremal' on page 21 undefine
d on input line 315.


Package natbib Warning: Citation `chernozhukov2016extremal' on page 21 undefine
d on input line 315.

[21] [22] [23]

Package natbib Warning: Citation `killewald2014motherhood' on page 24 undefined
 on input line 354.


Package natbib Warning: Citation `powell2016quantile' on page 24 undefined on i
nput line 354.


Package natbib Warning: Citation `melly2015changes' on page 24 undefined on inp
ut line 354.


Package natbib Warning: Citation `angrist2008mostly' on page 24 undefined on in
put line 354.


Package natbib Warning: Citation `gushchin2018integrated' on page 24 undefined 
on input line 354.


Package natbib Warning: Citation `firpo2009unconditional' on page 24 undefined 
on input line 354.


Package natbib Warning: Citation `firpo2009unconditional' on page 24 undefined 
on input line 354.


Package natbib Warning: Citation `firpo2009unconditional' on page 24 undefined 
on input line 354.

[24] <Figures/QR_EXAMPLE_July148.jpg, id=141, 461.3235pt x 768.2301pt>
File: Figures/QR_EXAMPLE_July148.jpg Graphic file (type jpg)

<use Figures/QR_EXAMPLE_July148.jpg>
Package pdftex.def Info: Figures/QR_EXAMPLE_July148.jpg used on input line 375.

(pdftex.def)             Requested size: 352.32004pt x 587.2135pt.


LaTeX Warning: `!h' float specifier changed to `!ht'.

[25]

LaTeX Warning: Text page 26 contains only floats.


Overfull \vbox (3.78348pt too high) has occurred while \output is active []


[26 <./Figures/QR_EXAMPLE_July148.jpg>]
<Figures/CQRvsUQR_Speed.jpg, id=148, 498.663pt x 483.0045pt>
File: Figures/CQRvsUQR_Speed.jpg Graphic file (type jpg)

<use Figures/CQRvsUQR_Speed.jpg>
Package pdftex.def Info: Figures/CQRvsUQR_Speed.jpg used on input line 383.
(pdftex.def)             Requested size: 469.75526pt x 375.80598pt.
 [27 <./Figures/CQRvsUQR_Speed.jpg>]
<Figures/ConvergenceDiag_Rate.jpg, id=152, 785.5749pt x 351.9549pt>
File: Figures/ConvergenceDiag_Rate.jpg Graphic file (type jpg)

<use Figures/ConvergenceDiag_Rate.jpg>
Package pdftex.def Info: Figures/ConvergenceDiag_Rate.jpg used on input line 39
2.
(pdftex.def)             Requested size: 469.75433pt x 234.8741pt.
 [28 <./Figures/ConvergenceDiag_Rate.jpg>] <Figures/power_nominal_cVar45.jpg, i
d=156, 780.7569pt x 341.3553pt>
File: Figures/power_nominal_cVar45.jpg Graphic file (type jpg)

<use Figures/power_nominal_cVar45.jpg>
Package pdftex.def Info: Figures/power_nominal_cVar45.jpg used on input line 40
3.
(pdftex.def)             Requested size: 375.80743pt x 211.39328pt.
 [29


 <./Figures/power_nominal_cVar45.jpg>]

Package natbib Warning: Citation `chaudhuri1996geometric' on page 30 undefined 
on input line 433.

[30]
Overfull \hbox (23.31334pt too wide) in paragraph at lines 538--538
[] 
 []


Overfull \hbox (3.45396pt too wide) in paragraph at lines 542--543
\OT1/cmr/m/n/12 (HHSN268201100005C, HHSN268201100006C, HHSN268201100007C, HHSN2
68201100008C,
 []

[31]
Overfull \hbox (65.5172pt too wide) in paragraph at lines 544--545
\OT1/cmr/m/n/12 pht001804.v2.p2, pht001851.v2.p2, pht001557.v2.p2, pht001737.v2
.p2, pht001799.v2.p2, pht001845.v2.p2,
 []


Overfull \hbox (65.5172pt too wide) in paragraph at lines 544--545
\OT1/cmr/m/n/12 pht001569.v2.p2, pht001601.v2.p2, pht001656.v2.p2, pht001715.v2
.p2, pht001761.v2.p2, pht001811.v2.p2,
 []


Overfull \hbox (65.5172pt too wide) in paragraph at lines 546--547
\OT1/cmr/m/n/12 pht001488.v1.p1, pht001489.v1.p1, pht001490.v1.p1, pht001491.v2
.p1, pht001492.v1.p1, pht001493.v1.p1,
 []

[32]
Overfull \hbox (13.02574pt too wide) in paragraph at lines 548--549
\OT1/cmr/m/n/12 was pro-vided by NIH grant R01 DK081572. Fund-ing sup-port for 
the Fram-ing-ham Metabolomics
 []


Overfull \hbox (3.35268pt too wide) in paragraph at lines 548--549
\OT1/cmr/m/n/12 typic and geno-typic data was ex-tracted from the fol-low-ing d
b-GaP datasets (phs000007.v28.p1,
 []


Overfull \hbox (5.20116pt too wide) in paragraph at lines 548--549
\OT1/cmr/m/n/12 pht000009.v2.p10, pht000010.v3.p10, pht000011.v3.p10, pht000012
.v3.p10, pht000013.v3.p10,
 []


Overfull \hbox (5.20116pt too wide) in paragraph at lines 548--549
\OT1/cmr/m/n/12 pht000014.v3.p10, pht000015.v3.p10, pht000016.v3.p10, pht000017
.v3.p10, pht000018.v4.p10,
 []


Overfull \hbox (5.20116pt too wide) in paragraph at lines 548--549
\OT1/cmr/m/n/12 pht000019.v3.p10, pht000020.v3.p10, pht000021.v3.p10, pht000022
.v4.p10, pht000023.v4.p10,
 []


Overfull \hbox (5.20116pt too wide) in paragraph at lines 548--549
\OT1/cmr/m/n/12 pht000024.v4.p10, pht000025.v4.p10, pht000026.v3.p10, pht000027
.v3.p10, pht000028.v3.p10,
 []


Overfull \hbox (5.20116pt too wide) in paragraph at lines 548--549
\OT1/cmr/m/n/12 pht000029.v3.p10, pht000040.v4.p10, pht003099.v4.p10, pht000030
.v7.p10, pht000031.v7.p10,
 []


Overfull \hbox (5.20116pt too wide) in paragraph at lines 548--549
\OT1/cmr/m/n/12 pht000032.v6.p10, pht000033.v8.p10, pht000034.v7.p10, pht000035
.v8.p10, pht000036.v8.p10,
 []


Overfull \hbox (16.95103pt too wide) in paragraph at lines 548--549
\OT1/cmr/m/n/12 pht000747.v5.p10, pht000041.v6.p10, pht000074.v9.p10, pht000182
.v12.p10, pht001415.v16.p10,
 []


Overfull \hbox (19.28029pt too wide) in paragraph at lines 550--551
\OT1/cmr/m/n/12 tained through db-GaP (phs000209.v13.p3, pht001116.v10.p3, pht0
01118.v8.p3, pht001119.v8.p3,
 []


Overfull \hbox (4.93834pt too wide) in paragraph at lines 552--553
\OT1/cmr/m/n/12 study, which was sup-ported by NIH grants U01HL089856 and U01HL
089897. The COPDGene
 []

Missing character: There is no â in font cmr12!
Missing character: There is no € in font cmr12!
Missing character: There is no ™ in font cmr12!
Missing character: There is no Â in font cmr12!
Missing character: There is no ® in font cmr12!
Missing character: There is no Â in font cmr12!
Missing character: There is no ® in font cmr12!
Missing character: There is no Â in font cmr12!
Missing character: There is no ® in font cmr12!
Missing character: There is no â in font cmbxti10!
Missing character: There is no € in font cmbxti10!
Missing character: There is no ™ in font cmbxti10!
Missing character: There is no â in font cmr12!
Missing character: There is no € in font cmr12!
Missing character: There is no ™ in font cmr12!
Missing character: There is no â in font cmr12!
Missing character: There is no € in font cmr12!
Missing character: There is no ™ in font cmr12!
Missing character: There is no â in font cmbxti10!
Missing character: There is no € in font cmbxti10!
Missing character: There is no ™ in font cmbxti10!
Missing character: There is no â in font cmr12!
Missing character: There is no € in font cmr12!
Missing character: There is no ™ in font cmr12!
Missing character: There is no â in font cmr12!
Missing character: There is no € in font cmr12!
Missing character: There is no ™ in font cmr12!

Overfull \hbox (4.90819pt too wide) in paragraph at lines 554--555
[]\OT1/cmr/bx/n/12 eMERGE (phs000888.v1.p1): \OT1/cmr/bx/it/12 Group Health Co-
op-er-a-tive/U-ni-ver-sity of Wash-
 []


Overfull \hbox (6.89914pt too wide) in paragraph at lines 554--555
\OT1/cmr/bx/it/12 ing-ton \OT1/cmr/m/n/12 Fund-ing sup-port for Alzheimer's Dis
-ease Pa-tient Reg-istry (ADPR) and Adult Changes
 []

[33] [34] [35] [36]
Overfull \hbox (16.97882pt too wide) in paragraph at lines 556--557
\OT1/cmr/m/n/12 Ser-vices through con-tracts HHSN268201100046C, HHSN26820110000
1C, HHSN268201100002C,
 []


Overfull \hbox (9.57472pt too wide) in paragraph at lines 556--557
\OT1/cmr/m/n/12 sion (phs000200.v10.p3, pht000998.v5.p3, pht001019.v5.p3, pht00
0987.v5.p3, pht000998.v5.p3,
 []

[37]
No file MQR_Draft_June2019.bbl.

Package natbib Warning: There were undefined citations.

(./MQR_Draft_June2019.aux)

LaTeX Warning: There were multiply-defined labels.

 ) 
Here is how much of TeX's memory you used:
 27871 strings out of 493014
 553745 string characters out of 6133351
 575275 words of memory out of 5000000
 30964 multiletter control sequences out of 15000+600000
 24455 words of font info for 91 fonts, out of 8000000 for 9000
 1141 hyphenation exceptions out of 8191
 55i,25n,54p,12889b,593s stack positions out of 5000i,500n,10000p,200000b,80000s
</usr/local/texlive/2016/texmf-dist/fonts/type1/public/amsfonts/cmextra/cmbsy
6.pfb></usr/local/texlive/2016/texmf-dist/fonts/type1/public/amsfonts/cm/cmbx10
.pfb></usr/local/texlive/2016/texmf-dist/fonts/type1/public/amsfonts/cm/cmbx12.
pfb></usr/local/texlive/2016/texmf-dist/fonts/type1/public/amsfonts/cm/cmbxti10
.pfb></usr/local/texlive/2016/texmf-dist/fonts/type1/public/amsfonts/cm/cmex10.
pfb></usr/local/texlive/2016/texmf-dist/fonts/type1/public/amsfonts/cmextra/cme
x8.pfb></usr/local/texlive/2016/texmf-dist/fonts/type1/public/amsfonts/cm/cmmi1
2.pfb></usr/local/texlive/2016/texmf-dist/fonts/type1/public/amsfonts/cm/cmmi6.
pfb></usr/local/texlive/2016/texmf-dist/fonts/type1/public/amsfonts/cm/cmmi8.pf
b></usr/local/texlive/2016/texmf-dist/fonts/type1/public/amsfonts/cm/cmmib10.pf
b></usr/local/texlive/2016/texmf-dist/fonts/type1/public/amsfonts/cmextra/cmmib
6.pfb></usr/local/texlive/2016/texmf-dist/fonts/type1/public/amsfonts/cmextra/c
mmib8.pfb></usr/local/texlive/2016/texmf-dist/fonts/type1/public/amsfonts/cm/cm
r10.pfb></usr/local/texlive/2016/texmf-dist/fonts/type1/public/amsfonts/cm/cmr1
2.pfb></usr/local/texlive/2016/texmf-dist/fonts/type1/public/amsfonts/cm/cmr17.
pfb></usr/local/texlive/2016/texmf-dist/fonts/type1/public/amsfonts/cm/cmr6.pfb
></usr/local/texlive/2016/texmf-dist/fonts/type1/public/amsfonts/cm/cmr8.pfb></
usr/local/texlive/2016/texmf-dist/fonts/type1/public/amsfonts/cm/cmsy10.pfb></u
sr/local/texlive/2016/texmf-dist/fonts/type1/public/amsfonts/cm/cmsy6.pfb></usr
/local/texlive/2016/texmf-dist/fonts/type1/public/amsfonts/cm/cmsy8.pfb></usr/l
ocal/texlive/2016/texmf-dist/fonts/type1/public/amsfonts/cm/cmti10.pfb></usr/lo
cal/texlive/2016/texmf-dist/fonts/type1/public/amsfonts/cm/cmti12.pfb>
Output written on MQR_Draft_June2019.pdf (38 pages, 7270147 bytes).
PDF statistics:
 260 PDF objects out of 1000 (max. 8388607)
 173 compressed objects within 2 object streams
 0 named destinations out of 1000 (max. 500000)
 78 words of extra memory for PDF output out of 10000 (max. 10000000)

